<?xml version="1.0" encoding="UTF-8"?>
<testng-results skipped="0" failed="1" total="5" passed="4">
  <reporter-output>
  </reporter-output>
  <suite name="Suite" duration-ms="200710" started-at="2020-01-09T19:30:07Z" finished-at="2020-01-09T19:33:28Z">
    <groups>
    </groups>
    <test name="Test_HomePageItems" duration-ms="94108" started-at="2020-01-09T19:30:07Z" finished-at="2020-01-09T19:31:41Z">
      <class name="Academy.LandingPage_Test">
        <test-method status="PASS" signature="intialize()[pri:0, instance:Academy.LandingPage_Test@14c93774]" name="intialize" is-config="true" duration-ms="88516" started-at="2020-01-09T13:30:07Z" finished-at="2020-01-09T13:31:36Z">
          <reporter-output>
          </reporter-output>
        </test-method> <!-- intialize -->
        <test-method status="PASS" signature="Navigate_Home()[pri:0, instance:Academy.LandingPage_Test@14c93774]" name="Navigate_Home" duration-ms="2831" started-at="2020-01-09T13:31:36Z" finished-at="2020-01-09T13:31:38Z">
          <reporter-output>
          </reporter-output>
        </test-method> <!-- Navigate_Home -->
        <test-method status="PASS" signature="ValidateTitle_Home()[pri:0, instance:Academy.LandingPage_Test@14c93774]" name="ValidateTitle_Home" duration-ms="59" started-at="2020-01-09T13:31:38Z" finished-at="2020-01-09T13:31:38Z">
          <reporter-output>
          </reporter-output>
        </test-method> <!-- ValidateTitle_Home -->
        <test-method status="PASS" signature="Session_Close()[pri:0, instance:Academy.LandingPage_Test@14c93774]" name="Session_Close" is-config="true" duration-ms="2640" started-at="2020-01-09T13:31:38Z" finished-at="2020-01-09T13:31:41Z">
          <reporter-output>
          </reporter-output>
        </test-method> <!-- Session_Close -->
      </class> <!-- Academy.LandingPage_Test -->
    </test> <!-- Test_HomePageItems -->
    <test name="Test_LoginPageItems" duration-ms="59998" started-at="2020-01-09T19:31:50Z" finished-at="2020-01-09T19:32:50Z">
      <class name="Academy.LoginPage_Test">
        <test-method status="PASS" signature="intialize()[pri:0, instance:Academy.LoginPage_Test@3b55dd15]" name="intialize" is-config="true" duration-ms="22731" started-at="2020-01-09T13:31:50Z" finished-at="2020-01-09T13:32:13Z">
          <reporter-output>
          </reporter-output>
        </test-method> <!-- intialize -->
        <test-method status="PASS" signature="Navigate_SignIn(java.lang.String, java.lang.String)[pri:0, instance:Academy.LoginPage_Test@3b55dd15]" name="Navigate_SignIn" duration-ms="28536" started-at="2020-01-09T13:32:13Z" data-provider="GetData" finished-at="2020-01-09T13:32:41Z">
          <params>
            <param index="0">
              <value>
                <![CDATA[firstUser@falna.com]]>
              </value>
            </param>
            <param index="1">
              <value>
                <![CDATA[firstPasword]]>
              </value>
            </param>
          </params>
          <reporter-output>
          </reporter-output>
        </test-method> <!-- Navigate_SignIn -->
        <test-method status="PASS" signature="Navigate_SignIn(java.lang.String, java.lang.String)[pri:0, instance:Academy.LoginPage_Test@3b55dd15]" name="Navigate_SignIn" duration-ms="8531" started-at="2020-01-09T13:32:41Z" data-provider="GetData" finished-at="2020-01-09T13:32:50Z">
          <params>
            <param index="0">
              <value>
                <![CDATA[secondUser@falna.com]]>
              </value>
            </param>
            <param index="1">
              <value>
                <![CDATA[secondPassword]]>
              </value>
            </param>
          </params>
          <reporter-output>
          </reporter-output>
        </test-method> <!-- Navigate_SignIn -->
        <test-method status="PASS" signature="Session_Close()[pri:0, instance:Academy.LoginPage_Test@3b55dd15]" name="Session_Close" is-config="true" duration-ms="195" started-at="2020-01-09T13:32:50Z" finished-at="2020-01-09T13:32:50Z">
          <reporter-output>
          </reporter-output>
        </test-method> <!-- Session_Close -->
      </class> <!-- Academy.LoginPage_Test -->
    </test> <!-- Test_LoginPageItems -->
    <test name="Test_appTest_soloForDemo" duration-ms="1" started-at="2020-01-09T19:32:52Z" finished-at="2020-01-09T19:32:52Z">
    </test> <!-- Test_appTest_soloForDemo -->
    <test name="Test_Negative" duration-ms="35723" started-at="2020-01-09T19:32:52Z" finished-at="2020-01-09T19:33:28Z">
      <class name="Academy.Landing_Page_Negative">
        <test-method status="PASS" signature="intialize()[pri:0, instance:Academy.Landing_Page_Negative@52559a69]" name="intialize" is-config="true" duration-ms="33029" started-at="2020-01-09T13:32:52Z" finished-at="2020-01-09T13:33:25Z">
          <reporter-output>
          </reporter-output>
        </test-method> <!-- intialize -->
        <test-method status="FAIL" signature="Navigate_Home_negtive()[pri:0, instance:Academy.Landing_Page_Negative@52559a69]" name="Navigate_Home_negtive" duration-ms="1213" started-at="2020-01-09T13:33:25Z" finished-at="2020-01-09T13:33:26Z">
          <exception class="java.lang.AssertionError">
            <message>
              <![CDATA[expected [FEATURED COURSES123] but found [FEATURED COURSES]]]>
            </message>
            <full-stacktrace>
              <![CDATA[java.lang.AssertionError: expected [FEATURED COURSES123] but found [FEATURED COURSES]
	at org.testng.Assert.fail(Assert.java:94)
	at org.testng.Assert.failNotEquals(Assert.java:513)
	at org.testng.Assert.assertEqualsImpl(Assert.java:135)
	at org.testng.Assert.assertEquals(Assert.java:116)
	at org.testng.Assert.assertEquals(Assert.java:190)
	at org.testng.Assert.assertEquals(Assert.java:200)
	at Academy.Landing_Page_Negative.Navigate_Home_negtive(Landing_Page_Negative.java:41)
	at sun.reflect.NativeMethodAccessorImpl.invoke0(Native Method)
	at sun.reflect.NativeMethodAccessorImpl.invoke(NativeMethodAccessorImpl.java:62)
	at sun.reflect.DelegatingMethodAccessorImpl.invoke(DelegatingMethodAccessorImpl.java:43)
	at java.lang.reflect.Method.invoke(Method.java:498)
	at org.testng.internal.MethodInvocationHelper.invokeMethod(MethodInvocationHelper.java:86)
	at org.testng.internal.Invoker.invokeMethod(Invoker.java:643)
	at org.testng.internal.Invoker.invokeTestMethod(Invoker.java:820)
	at org.testng.internal.Invoker.invokeTestMethods(Invoker.java:1128)
	at org.testng.internal.TestMethodWorker.invokeTestMethods(TestMethodWorker.java:129)
	at org.testng.internal.TestMethodWorker.run(TestMethodWorker.java:112)
	at org.testng.TestRunner.privateRun(TestRunner.java:782)
	at org.testng.TestRunner.run(TestRunner.java:632)
	at org.testng.SuiteRunner.runTest(SuiteRunner.java:366)
	at org.testng.SuiteRunner.runSequentially(SuiteRunner.java:361)
	at org.testng.SuiteRunner.privateRun(SuiteRunner.java:319)
	at org.testng.SuiteRunner.run(SuiteRunner.java:268)
	at org.testng.SuiteRunnerWorker.runSuite(SuiteRunnerWorker.java:52)
	at org.testng.SuiteRunnerWorker.run(SuiteRunnerWorker.java:86)
	at org.testng.TestNG.runSuitesSequentially(TestNG.java:1244)
	at org.testng.TestNG.runSuitesLocally(TestNG.java:1169)
	at org.testng.TestNG.run(TestNG.java:1064)
	at org.apache.maven.surefire.testng.TestNGExecutor.run(TestNGExecutor.java:283)
	at org.apache.maven.surefire.testng.TestNGXmlTestSuite.execute(TestNGXmlTestSuite.java:75)
	at org.apache.maven.surefire.testng.TestNGProvider.invoke(TestNGProvider.java:120)
	at sun.reflect.NativeMethodAccessorImpl.invoke0(Native Method)
	at sun.reflect.NativeMethodAccessorImpl.invoke(NativeMethodAccessorImpl.java:62)
	at sun.reflect.DelegatingMethodAccessorImpl.invoke(DelegatingMethodAccessorImpl.java:43)
	at java.lang.reflect.Method.invoke(Method.java:498)
	at org.apache.maven.surefire.util.ReflectionUtils.invokeMethodWithArray2(ReflectionUtils.java:186)
	at org.apache.maven.surefire.booter.ProviderFactory$ProviderProxy.invoke(ProviderFactory.java:161)
	at org.apache.maven.surefire.booter.ProviderFactory.invokeProvider(ProviderFactory.java:84)
	at org.apache.maven.plugin.surefire.InPluginVMSurefireStarter.runSuitesInProcess(InPluginVMSurefireStarter.java:87)
	at org.apache.maven.plugin.surefire.AbstractSurefireMojo.executeProvider(AbstractSurefireMojo.java:1144)
	at org.apache.maven.plugin.surefire.AbstractSurefireMojo.executeAfterPreconditionsChecked(AbstractSurefireMojo.java:1002)
	at org.apache.maven.plugin.surefire.AbstractSurefireMojo.execute(AbstractSurefireMojo.java:848)
	at org.apache.maven.plugin.DefaultBuildPluginManager.executeMojo(DefaultBuildPluginManager.java:137)
	at org.apache.maven.lifecycle.internal.MojoExecutor.execute(MojoExecutor.java:210)
	at org.apache.maven.lifecycle.internal.MojoExecutor.execute(MojoExecutor.java:156)
	at org.apache.maven.lifecycle.internal.MojoExecutor.execute(MojoExecutor.java:148)
	at org.apache.maven.lifecycle.internal.LifecycleModuleBuilder.buildProject(LifecycleModuleBuilder.java:117)
	at org.apache.maven.lifecycle.internal.LifecycleModuleBuilder.buildProject(LifecycleModuleBuilder.java:81)
	at org.apache.maven.lifecycle.internal.builder.singlethreaded.SingleThreadedBuilder.build(SingleThreadedBuilder.java:56)
	at org.apache.maven.lifecycle.internal.LifecycleStarter.execute(LifecycleStarter.java:128)
	at org.apache.maven.DefaultMaven.doExecute(DefaultMaven.java:305)
	at org.apache.maven.DefaultMaven.doExecute(DefaultMaven.java:192)
	at org.apache.maven.DefaultMaven.execute(DefaultMaven.java:105)
	at org.apache.maven.cli.MavenCli.execute(MavenCli.java:957)
	at org.apache.maven.cli.MavenCli.doMain(MavenCli.java:289)
	at org.apache.maven.cli.MavenCli.main(MavenCli.java:193)
	at sun.reflect.NativeMethodAccessorImpl.invoke0(Native Method)
	at sun.reflect.NativeMethodAccessorImpl.invoke(NativeMethodAccessorImpl.java:62)
	at sun.reflect.DelegatingMethodAccessorImpl.invoke(DelegatingMethodAccessorImpl.java:43)
	at java.lang.reflect.Method.invoke(Method.java:498)
	at org.codehaus.plexus.classworlds.launcher.Launcher.launchEnhanced(Launcher.java:282)
	at org.codehaus.plexus.classworlds.launcher.Launcher.launch(Launcher.java:225)
	at org.codehaus.plexus.classworlds.launcher.Launcher.mainWithExitCode(Launcher.java:406)
	at org.codehaus.plexus.classworlds.launcher.Launcher.main(Launcher.java:347)
]]>
            </full-stacktrace>
          </exception> <!-- java.lang.AssertionError -->
          <reporter-output>
          </reporter-output>
        </test-method> <!-- Navigate_Home_negtive -->
        <test-method status="PASS" signature="Session_Close()[pri:0, instance:Academy.Landing_Page_Negative@52559a69]" name="Session_Close" is-config="true" duration-ms="113" started-at="2020-01-09T13:33:28Z" finished-at="2020-01-09T13:33:28Z">
          <reporter-output>
          </reporter-output>
        </test-method> <!-- Session_Close -->
      </class> <!-- Academy.Landing_Page_Negative -->
    </test> <!-- Test_Negative -->
  </suite> <!-- Suite -->
</testng-results>
